<?xml version="1.0" encoding="UTF-8"?>
<!-- Generated by org.testng.reporters.JUnitXMLReporter -->
<testsuite ignored="0" hostname="DESKTOP-77H310P" failures="0" tests="3" name="Default test" time="42.223" errors="0" timestamp="2022-05-05T19:28:26 SAST">
  <testcase classname="TestScenarios.TestMethod" name="search" time="8.198"/>
  <testcase classname="TestScenarios.TestMethod" name="verifyFBpage" time="2.268"/>
  <testcase classname="TestScenarios.TestMethod" name="logintoFacebook" time="10.138"/>
</testsuite> <!-- Default test -->
