<?xml version="1.0" encoding="UTF-8"?>
<testng-results ignored="0" total="3" passed="3" failed="0" skipped="0">
  <reporter-output>
  </reporter-output>
  <suite started-at="2022-05-05T19:27:44 SAST" name="Default suite" finished-at="2022-05-05T19:28:26 SAST" duration-ms="42223">
    <groups>
    </groups>
    <test started-at="2022-05-05T19:27:44 SAST" name="Default test" finished-at="2022-05-05T19:28:26 SAST" duration-ms="42223">
      <class name="TestScenarios.TestMethod">
        <test-method is-config="true" signature="initialize()[pri:0, instance:TestScenarios.TestMethod@7db12bb6]" started-at="2022-05-05T19:27:44 SAST" name="initialize" finished-at="2022-05-05T19:28:04 SAST" duration-ms="20274" status="PASS">
          <reporter-output>
          </reporter-output>
        </test-method> <!-- initialize -->
        <test-method signature="search()[pri:0, instance:TestScenarios.TestMethod@7db12bb6]" started-at="2022-05-05T19:28:04 SAST" name="search" finished-at="2022-05-05T19:28:12 SAST" duration-ms="8198" status="PASS">
          <reporter-output>
          </reporter-output>
        </test-method> <!-- search -->
        <test-method signature="verifyFBpage()[pri:1, instance:TestScenarios.TestMethod@7db12bb6]" started-at="2022-05-05T19:28:12 SAST" name="verifyFBpage" finished-at="2022-05-05T19:28:14 SAST" duration-ms="2268" status="PASS">
          <reporter-output>
          </reporter-output>
        </test-method> <!-- verifyFBpage -->
        <test-method signature="logintoFacebook()[pri:2, instance:TestScenarios.TestMethod@7db12bb6]" started-at="2022-05-05T19:28:14 SAST" name="logintoFacebook" finished-at="2022-05-05T19:28:25 SAST" duration-ms="10138" status="PASS">
          <reporter-output>
          </reporter-output>
        </test-method> <!-- logintoFacebook -->
        <test-method is-config="true" signature="exit()[pri:0, instance:TestScenarios.TestMethod@7db12bb6]" started-at="2022-05-05T19:28:25 SAST" name="exit" finished-at="2022-05-05T19:28:26 SAST" duration-ms="1283" status="PASS">
          <reporter-output>
          </reporter-output>
        </test-method> <!-- exit -->
      </class> <!-- TestScenarios.TestMethod -->
    </test> <!-- Default test -->
  </suite> <!-- Default suite -->
</testng-results>
